<?xml version="1.0" encoding="UTF-8"?>
<testng-results ignored="0" total="1" passed="1" failed="0" skipped="0">
  <reporter-output>
  </reporter-output>
  <suite started-at="2025-01-13T11:04:29 IST" name="Default suite" finished-at="2025-01-13T11:04:33 IST" duration-ms="4025">
    <groups>
    </groups>
    <test started-at="2025-01-13T11:04:29 IST" name="Default test" finished-at="2025-01-13T11:04:33 IST" duration-ms="4025">
      <class name="com.test.FISAPITesting">
        <test-method signature="GetReq()[pri:0, instance:com.test.FISAPITesting@121314f7]" started-at="2025-01-13T11:04:29 IST" name="GetReq" finished-at="2025-01-13T11:04:33 IST" duration-ms="3958" status="PASS">
          <reporter-output>
          </reporter-output>
        </test-method> <!-- GetReq -->
      </class> <!-- com.test.FISAPITesting -->
    </test> <!-- Default test -->
  </suite> <!-- Default suite -->
</testng-results>
